<?xml version="1.0" encoding="UTF-8"?>
<!-- Generated by org.testng.reporters.JUnitReportReporter -->
<testsuite hostname="Dhiman11" failures="0" tests="1" name="test_Cases_Class.TC04_Download_Agent" time="100.495" errors="0" timestamp="2025-07-04T16:14:06 IST" skipped="0">
  <testcase classname="test_Cases_Class.TC04_Download_Agent" name="DownLoadCloudAgent" time="100.495"/>
</testsuite> <!-- test_Cases_Class.TC04_Download_Agent -->
