<?xml version="1.0" encoding="UTF-8"?>
<!-- Generated by org.testng.reporters.JUnitReportReporter -->
<testsuite hostname="Dhiman11" failures="0" tests="1" name="test_Cases_Class.TC03_Install_CloudAgent_OnVbox" time="527.025" errors="0" timestamp="2025-07-04T16:14:06 IST" skipped="0">
  <testcase classname="test_Cases_Class.TC03_Install_CloudAgent_OnVbox" name="vmStartInstallAgent" time="527.025"/>
</testsuite> <!-- test_Cases_Class.TC03_Install_CloudAgent_OnVbox -->
