<?xml version="1.0" encoding="UTF-8"?>
<!-- Generated by org.testng.reporters.JUnitReportReporter -->
<testsuite hostname="Dhiman11" failures="0" tests="1" name="test_Cases_Class.TC01_Login_Class_Page" time="1.566" errors="0" timestamp="2025-07-04T17:33:03 IST" skipped="0">
  <testcase classname="test_Cases_Class.TC01_Login_Class_Page" name="LoginOnCloudConsole" time="1.566"/>
</testsuite> <!-- test_Cases_Class.TC01_Login_Class_Page -->
